<?xml version="1.0" encoding="UTF-8"?>
<!-- Generated by org.testng.reporters.JUnitReportReporter -->
<testsuite hostname="chaminda-Latitude-E6540" name="com.ss150.test.Login" tests="1" failures="0" timestamp="21 Feb 2015 06:47:30 GMT" time="0.557" errors="0">
  <testcase name="testLogin" time="0.557" classname="com.ss150.test.Login"/>
</testsuite> <!-- com.ss150.test.Login -->
